mode: set
avito_testcase/package/repository/auth_postgres.go:15.49,17.2 1 1
avito_testcase/package/repository/auth_postgres.go:19.65,24.38 4 1
avito_testcase/package/repository/auth_postgres.go:24.38,27.3 2 0
avito_testcase/package/repository/auth_postgres.go:28.2,28.16 1 1
avito_testcase/package/repository/auth_postgres.go:31.79,37.2 4 1
avito_testcase/package/repository/auth_postgres.go:39.60,45.2 4 1
avito_testcase/package/repository/banner_postgres.go:22.53,24.2 1 0
avito_testcase/package/repository/banner_postgres.go:26.88,30.28 2 0
avito_testcase/package/repository/banner_postgres.go:30.28,31.12 1 0
avito_testcase/package/repository/banner_postgres.go:31.12,33.4 1 0
avito_testcase/package/repository/banner_postgres.go:34.3,34.36 1 0
avito_testcase/package/repository/banner_postgres.go:37.2,46.46 4 0
avito_testcase/package/repository/banner_postgres.go:46.46,48.3 1 0
avito_testcase/package/repository/banner_postgres.go:48.8,48.33 1 0
avito_testcase/package/repository/banner_postgres.go:48.33,50.3 1 0
avito_testcase/package/repository/banner_postgres.go:53.2,54.16 2 0
avito_testcase/package/repository/banner_postgres.go:54.16,57.3 2 0
avito_testcase/package/repository/banner_postgres.go:58.2,58.15 1 0
avito_testcase/package/repository/banner_postgres.go:58.15,59.17 1 0
avito_testcase/package/repository/banner_postgres.go:59.17,61.44 2 0
avito_testcase/package/repository/banner_postgres.go:61.44,63.5 1 0
avito_testcase/package/repository/banner_postgres.go:67.2,73.38 5 0
avito_testcase/package/repository/banner_postgres.go:73.38,76.3 2 0
avito_testcase/package/repository/banner_postgres.go:79.2,81.16 3 0
avito_testcase/package/repository/banner_postgres.go:81.16,84.3 2 0
avito_testcase/package/repository/banner_postgres.go:87.2,89.16 3 0
avito_testcase/package/repository/banner_postgres.go:89.16,92.3 2 0
avito_testcase/package/repository/banner_postgres.go:95.2,95.31 1 0
avito_testcase/package/repository/banner_postgres.go:95.31,97.71 2 0
avito_testcase/package/repository/banner_postgres.go:97.71,100.4 2 0
avito_testcase/package/repository/banner_postgres.go:102.3,103.54 2 0
avito_testcase/package/repository/banner_postgres.go:103.54,106.4 2 0
avito_testcase/package/repository/banner_postgres.go:110.2,110.36 1 0
avito_testcase/package/repository/banner_postgres.go:110.36,113.3 2 0
avito_testcase/package/repository/banner_postgres.go:115.2,115.16 1 0
avito_testcase/package/repository/banner_postgres.go:118.106,122.25 3 0
avito_testcase/package/repository/banner_postgres.go:122.25,125.17 2 0
avito_testcase/package/repository/banner_postgres.go:125.17,128.4 2 0
avito_testcase/package/repository/banner_postgres.go:130.3,130.17 1 0
avito_testcase/package/repository/banner_postgres.go:130.17,132.18 2 0
avito_testcase/package/repository/banner_postgres.go:132.18,135.5 2 0
avito_testcase/package/repository/banner_postgres.go:137.4,139.18 3 0
avito_testcase/package/repository/banner_postgres.go:139.18,142.5 2 0
avito_testcase/package/repository/banner_postgres.go:144.4,144.22 1 0
avito_testcase/package/repository/banner_postgres.go:148.2,166.16 5 0
avito_testcase/package/repository/banner_postgres.go:166.16,169.3 2 0
avito_testcase/package/repository/banner_postgres.go:171.2,172.16 2 0
avito_testcase/package/repository/banner_postgres.go:172.16,175.3 2 0
avito_testcase/package/repository/banner_postgres.go:177.2,178.16 2 0
avito_testcase/package/repository/banner_postgres.go:178.16,181.3 2 0
avito_testcase/package/repository/banner_postgres.go:183.2,183.20 1 0
avito_testcase/package/repository/banner_postgres.go:186.114,190.25 3 0
avito_testcase/package/repository/banner_postgres.go:190.25,193.17 2 0
avito_testcase/package/repository/banner_postgres.go:193.17,196.4 2 0
avito_testcase/package/repository/banner_postgres.go:198.3,198.17 1 0
avito_testcase/package/repository/banner_postgres.go:198.17,200.18 2 0
avito_testcase/package/repository/banner_postgres.go:200.18,203.5 2 0
avito_testcase/package/repository/banner_postgres.go:205.4,207.18 3 0
avito_testcase/package/repository/banner_postgres.go:207.18,210.5 2 0
avito_testcase/package/repository/banner_postgres.go:212.4,212.22 1 0
avito_testcase/package/repository/banner_postgres.go:216.2,231.16 4 0
avito_testcase/package/repository/banner_postgres.go:231.16,234.3 2 0
avito_testcase/package/repository/banner_postgres.go:236.2,237.16 2 0
avito_testcase/package/repository/banner_postgres.go:237.16,240.3 2 0
avito_testcase/package/repository/banner_postgres.go:242.2,243.16 2 0
avito_testcase/package/repository/banner_postgres.go:243.16,246.3 2 0
avito_testcase/package/repository/banner_postgres.go:248.2,248.20 1 0
avito_testcase/package/repository/banner_postgres.go:251.100,257.16 4 0
avito_testcase/package/repository/banner_postgres.go:257.16,260.3 2 0
avito_testcase/package/repository/banner_postgres.go:262.2,262.16 1 0
avito_testcase/package/repository/banner_postgres.go:262.16,264.17 2 0
avito_testcase/package/repository/banner_postgres.go:264.17,267.4 2 0
avito_testcase/package/repository/banner_postgres.go:269.3,271.17 3 0
avito_testcase/package/repository/banner_postgres.go:271.17,274.4 2 0
avito_testcase/package/repository/banner_postgres.go:275.3,275.22 1 0
avito_testcase/package/repository/banner_postgres.go:278.2,281.48 3 0
avito_testcase/package/repository/banner_postgres.go:281.48,303.17 3 0
avito_testcase/package/repository/banner_postgres.go:303.17,305.4 1 0
avito_testcase/package/repository/banner_postgres.go:307.3,307.26 1 0
avito_testcase/package/repository/banner_postgres.go:307.26,319.18 4 0
avito_testcase/package/repository/banner_postgres.go:319.18,321.5 1 0
avito_testcase/package/repository/banner_postgres.go:323.4,323.30 1 0
avito_testcase/package/repository/banner_postgres.go:326.3,327.17 2 0
avito_testcase/package/repository/banner_postgres.go:327.17,330.4 2 0
avito_testcase/package/repository/banner_postgres.go:332.3,333.17 2 0
avito_testcase/package/repository/banner_postgres.go:333.17,336.4 2 0
avito_testcase/package/repository/banner_postgres.go:337.8,337.30 1 0
avito_testcase/package/repository/banner_postgres.go:337.30,357.17 3 0
avito_testcase/package/repository/banner_postgres.go:357.17,359.4 1 0
avito_testcase/package/repository/banner_postgres.go:361.3,361.26 1 0
avito_testcase/package/repository/banner_postgres.go:361.26,373.18 4 0
avito_testcase/package/repository/banner_postgres.go:373.18,375.5 1 0
avito_testcase/package/repository/banner_postgres.go:377.4,377.30 1 0
avito_testcase/package/repository/banner_postgres.go:380.3,381.17 2 0
avito_testcase/package/repository/banner_postgres.go:381.17,384.4 2 0
avito_testcase/package/repository/banner_postgres.go:386.3,387.17 2 0
avito_testcase/package/repository/banner_postgres.go:387.17,390.4 2 0
avito_testcase/package/repository/banner_postgres.go:391.8,391.34 1 0
avito_testcase/package/repository/banner_postgres.go:391.34,413.17 3 0
avito_testcase/package/repository/banner_postgres.go:413.17,415.4 1 0
avito_testcase/package/repository/banner_postgres.go:417.3,418.17 2 0
avito_testcase/package/repository/banner_postgres.go:418.17,421.4 2 0
avito_testcase/package/repository/banner_postgres.go:423.3,424.17 2 0
avito_testcase/package/repository/banner_postgres.go:424.17,427.4 2 0
avito_testcase/package/repository/banner_postgres.go:428.8,428.55 1 0
avito_testcase/package/repository/banner_postgres.go:428.55,446.17 3 0
avito_testcase/package/repository/banner_postgres.go:446.17,448.4 1 0
avito_testcase/package/repository/banner_postgres.go:450.3,451.17 2 0
avito_testcase/package/repository/banner_postgres.go:451.17,454.4 2 0
avito_testcase/package/repository/banner_postgres.go:456.3,457.17 2 0
avito_testcase/package/repository/banner_postgres.go:457.17,460.4 2 0
avito_testcase/package/repository/banner_postgres.go:463.2,463.21 1 0
avito_testcase/package/repository/banner_postgres.go:466.108,472.16 4 0
avito_testcase/package/repository/banner_postgres.go:472.16,475.3 2 0
avito_testcase/package/repository/banner_postgres.go:477.2,477.16 1 0
avito_testcase/package/repository/banner_postgres.go:477.16,479.17 2 0
avito_testcase/package/repository/banner_postgres.go:479.17,482.4 2 0
avito_testcase/package/repository/banner_postgres.go:484.3,486.17 3 0
avito_testcase/package/repository/banner_postgres.go:486.17,489.4 2 0
avito_testcase/package/repository/banner_postgres.go:490.3,490.22 1 0
avito_testcase/package/repository/banner_postgres.go:493.2,495.48 2 0
avito_testcase/package/repository/banner_postgres.go:495.48,515.17 3 0
avito_testcase/package/repository/banner_postgres.go:515.17,517.4 1 0
avito_testcase/package/repository/banner_postgres.go:519.3,519.26 1 0
avito_testcase/package/repository/banner_postgres.go:519.26,531.18 4 0
avito_testcase/package/repository/banner_postgres.go:531.18,533.5 1 0
avito_testcase/package/repository/banner_postgres.go:535.4,535.30 1 0
avito_testcase/package/repository/banner_postgres.go:538.3,539.17 2 0
avito_testcase/package/repository/banner_postgres.go:539.17,542.4 2 0
avito_testcase/package/repository/banner_postgres.go:544.3,545.17 2 0
avito_testcase/package/repository/banner_postgres.go:545.17,548.4 2 0
avito_testcase/package/repository/banner_postgres.go:549.8,549.30 1 0
avito_testcase/package/repository/banner_postgres.go:549.30,567.17 3 0
avito_testcase/package/repository/banner_postgres.go:567.17,569.4 1 0
avito_testcase/package/repository/banner_postgres.go:571.3,571.26 1 0
avito_testcase/package/repository/banner_postgres.go:571.26,583.18 4 0
avito_testcase/package/repository/banner_postgres.go:583.18,585.5 1 0
avito_testcase/package/repository/banner_postgres.go:587.4,587.30 1 0
avito_testcase/package/repository/banner_postgres.go:590.3,591.17 2 0
avito_testcase/package/repository/banner_postgres.go:591.17,594.4 2 0
avito_testcase/package/repository/banner_postgres.go:596.3,597.17 2 0
avito_testcase/package/repository/banner_postgres.go:597.17,600.4 2 0
avito_testcase/package/repository/banner_postgres.go:601.8,601.34 1 0
avito_testcase/package/repository/banner_postgres.go:601.34,621.17 3 0
avito_testcase/package/repository/banner_postgres.go:621.17,623.4 1 0
avito_testcase/package/repository/banner_postgres.go:625.3,626.17 2 0
avito_testcase/package/repository/banner_postgres.go:626.17,629.4 2 0
avito_testcase/package/repository/banner_postgres.go:631.3,632.17 2 0
avito_testcase/package/repository/banner_postgres.go:632.17,635.4 2 0
avito_testcase/package/repository/banner_postgres.go:636.8,636.55 1 0
avito_testcase/package/repository/banner_postgres.go:636.55,654.17 3 0
avito_testcase/package/repository/banner_postgres.go:654.17,656.4 1 0
avito_testcase/package/repository/banner_postgres.go:658.3,659.17 2 0
avito_testcase/package/repository/banner_postgres.go:659.17,662.4 2 0
avito_testcase/package/repository/banner_postgres.go:664.3,665.17 2 0
avito_testcase/package/repository/banner_postgres.go:665.17,668.4 2 0
avito_testcase/package/repository/banner_postgres.go:671.2,671.21 1 0
avito_testcase/package/repository/banner_postgres.go:674.85,677.35 2 0
avito_testcase/package/repository/banner_postgres.go:677.35,678.12 1 0
avito_testcase/package/repository/banner_postgres.go:678.12,680.4 1 0
avito_testcase/package/repository/banner_postgres.go:681.3,681.36 1 0
avito_testcase/package/repository/banner_postgres.go:684.2,693.46 4 0
avito_testcase/package/repository/banner_postgres.go:693.46,695.3 1 0
avito_testcase/package/repository/banner_postgres.go:695.8,695.33 1 0
avito_testcase/package/repository/banner_postgres.go:695.33,697.3 1 0
avito_testcase/package/repository/banner_postgres.go:699.2,703.28 4 0
avito_testcase/package/repository/banner_postgres.go:703.28,710.17 6 0
avito_testcase/package/repository/banner_postgres.go:710.17,713.4 2 0
avito_testcase/package/repository/banner_postgres.go:715.3,717.17 3 0
avito_testcase/package/repository/banner_postgres.go:717.17,720.4 2 0
avito_testcase/package/repository/banner_postgres.go:723.2,723.32 1 0
avito_testcase/package/repository/banner_postgres.go:723.32,727.3 3 0
avito_testcase/package/repository/banner_postgres.go:729.2,729.31 1 0
avito_testcase/package/repository/banner_postgres.go:729.31,733.3 3 0
avito_testcase/package/repository/banner_postgres.go:735.2,735.30 1 0
avito_testcase/package/repository/banner_postgres.go:735.30,739.3 3 0
avito_testcase/package/repository/banner_postgres.go:741.2,741.27 1 0
avito_testcase/package/repository/banner_postgres.go:741.27,745.3 3 0
avito_testcase/package/repository/banner_postgres.go:747.2,747.25 1 0
avito_testcase/package/repository/banner_postgres.go:747.25,750.17 3 0
avito_testcase/package/repository/banner_postgres.go:750.17,753.4 2 0
avito_testcase/package/repository/banner_postgres.go:755.3,755.39 1 0
avito_testcase/package/repository/banner_postgres.go:755.39,758.18 3 0
avito_testcase/package/repository/banner_postgres.go:758.18,761.5 2 0
avito_testcase/package/repository/banner_postgres.go:765.2,778.16 10 0
avito_testcase/package/repository/banner_postgres.go:778.16,781.3 2 0
avito_testcase/package/repository/banner_postgres.go:783.2,783.12 1 0
avito_testcase/package/repository/banner_postgres.go:786.59,792.16 4 0
avito_testcase/package/repository/banner_postgres.go:792.16,795.3 2 0
avito_testcase/package/repository/banner_postgres.go:797.2,797.16 1 0
avito_testcase/package/repository/banner_postgres.go:797.16,799.3 1 0
avito_testcase/package/repository/banner_postgres.go:802.2,803.16 2 0
avito_testcase/package/repository/banner_postgres.go:803.16,806.3 2 0
avito_testcase/package/repository/banner_postgres.go:807.2,807.15 1 0
avito_testcase/package/repository/banner_postgres.go:807.15,808.17 1 0
avito_testcase/package/repository/banner_postgres.go:808.17,810.44 2 0
avito_testcase/package/repository/banner_postgres.go:810.44,812.5 1 0
avito_testcase/package/repository/banner_postgres.go:816.2,817.54 2 0
avito_testcase/package/repository/banner_postgres.go:817.54,819.3 1 0
avito_testcase/package/repository/banner_postgres.go:821.2,822.53 2 0
avito_testcase/package/repository/banner_postgres.go:822.53,824.3 1 0
avito_testcase/package/repository/banner_postgres.go:826.2,827.53 2 0
avito_testcase/package/repository/banner_postgres.go:827.53,829.3 1 0
avito_testcase/package/repository/banner_postgres.go:832.2,832.36 1 0
avito_testcase/package/repository/banner_postgres.go:832.36,835.3 2 0
avito_testcase/package/repository/banner_postgres.go:837.2,837.12 1 0
avito_testcase/package/repository/postgres.go:30.50,33.16 2 0
avito_testcase/package/repository/postgres.go:33.16,35.3 1 0
avito_testcase/package/repository/postgres.go:37.2,38.16 2 0
avito_testcase/package/repository/postgres.go:38.16,40.3 1 0
avito_testcase/package/repository/postgres.go:42.2,42.16 1 0
avito_testcase/package/repository/redis.go:11.53,17.2 1 0
avito_testcase/package/repository/repository.go:30.45,35.2 1 0
avito_testcase/package/handler/auth.go:21.72,27.16 4 1
avito_testcase/package/handler/auth.go:27.16,31.3 3 0
avito_testcase/package/handler/auth.go:33.2,33.50 1 1
avito_testcase/package/handler/auth.go:33.50,38.3 4 1
avito_testcase/package/handler/auth.go:40.2,41.16 2 1
avito_testcase/package/handler/auth.go:41.16,45.3 3 1
avito_testcase/package/handler/auth.go:47.2,53.60 4 1
avito_testcase/package/handler/auth.go:53.60,55.3 1 0
avito_testcase/package/handler/auth.go:74.72,81.16 4 1
avito_testcase/package/handler/auth.go:81.16,85.3 3 0
avito_testcase/package/handler/auth.go:87.2,87.50 1 1
avito_testcase/package/handler/auth.go:87.50,92.3 4 1
avito_testcase/package/handler/auth.go:94.2,95.16 2 1
avito_testcase/package/handler/auth.go:95.16,99.3 3 1
avito_testcase/package/handler/auth.go:101.2,107.60 4 1
avito_testcase/package/handler/auth.go:107.60,109.3 1 0
avito_testcase/package/handler/banner.go:45.90,56.118 8 1
avito_testcase/package/handler/banner.go:56.118,60.3 3 0
avito_testcase/package/handler/banner.go:62.2,63.30 2 1
avito_testcase/package/handler/banner.go:63.30,67.3 3 0
avito_testcase/package/handler/banner.go:69.2,70.34 2 1
avito_testcase/package/handler/banner.go:70.34,74.3 3 1
avito_testcase/package/handler/banner.go:76.2,77.16 2 1
avito_testcase/package/handler/banner.go:77.16,81.3 3 0
avito_testcase/package/handler/banner.go:83.2,83.36 1 1
avito_testcase/package/handler/banner.go:83.36,87.3 3 0
avito_testcase/package/handler/banner.go:89.2,95.49 2 1
avito_testcase/package/handler/banner.go:95.49,97.17 2 1
avito_testcase/package/handler/banner.go:97.17,101.4 3 0
avito_testcase/package/handler/banner.go:103.3,112.61 4 1
avito_testcase/package/handler/banner.go:112.61,114.4 1 0
avito_testcase/package/handler/banner.go:116.8,118.17 2 0
avito_testcase/package/handler/banner.go:118.17,122.4 3 0
avito_testcase/package/handler/banner.go:124.3,133.61 4 0
avito_testcase/package/handler/banner.go:133.61,135.4 1 0
avito_testcase/package/handler/banner.go:169.79,180.147 8 1
avito_testcase/package/handler/banner.go:180.147,184.3 3 1
avito_testcase/package/handler/banner.go:186.2,186.20 1 1
avito_testcase/package/handler/banner.go:186.20,188.31 2 1
avito_testcase/package/handler/banner.go:188.31,193.4 4 0
avito_testcase/package/handler/banner.go:194.8,196.3 1 0
avito_testcase/package/handler/banner.go:198.2,198.24 1 1
avito_testcase/package/handler/banner.go:198.24,200.35 2 1
avito_testcase/package/handler/banner.go:200.35,205.4 4 0
avito_testcase/package/handler/banner.go:206.8,208.3 1 0
avito_testcase/package/handler/banner.go:210.2,210.20 1 1
avito_testcase/package/handler/banner.go:210.20,212.30 2 1
avito_testcase/package/handler/banner.go:212.30,217.4 4 0
avito_testcase/package/handler/banner.go:218.8,220.3 1 0
avito_testcase/package/handler/banner.go:222.2,222.21 1 1
avito_testcase/package/handler/banner.go:222.21,224.31 2 0
avito_testcase/package/handler/banner.go:224.31,229.4 4 0
avito_testcase/package/handler/banner.go:230.8,232.3 1 1
avito_testcase/package/handler/banner.go:234.2,243.49 3 1
avito_testcase/package/handler/banner.go:243.49,245.17 2 1
avito_testcase/package/handler/banner.go:245.17,249.4 3 0
avito_testcase/package/handler/banner.go:251.3,251.24 1 1
avito_testcase/package/handler/banner.go:251.24,255.4 3 0
avito_testcase/package/handler/banner.go:257.3,257.34 1 1
avito_testcase/package/handler/banner.go:257.34,276.4 2 1
avito_testcase/package/handler/banner.go:278.3,280.62 3 1
avito_testcase/package/handler/banner.go:280.62,284.4 3 0
avito_testcase/package/handler/banner.go:285.8,287.17 2 0
avito_testcase/package/handler/banner.go:287.17,291.4 3 0
avito_testcase/package/handler/banner.go:293.3,293.24 1 0
avito_testcase/package/handler/banner.go:293.24,297.4 3 0
avito_testcase/package/handler/banner.go:299.3,299.34 1 0
avito_testcase/package/handler/banner.go:299.34,318.4 2 0
avito_testcase/package/handler/banner.go:320.3,322.62 3 0
avito_testcase/package/handler/banner.go:322.62,326.4 3 0
avito_testcase/package/handler/banner.go:342.78,353.65 3 0
avito_testcase/package/handler/banner.go:353.65,357.3 3 0
avito_testcase/package/handler/banner.go:359.2,370.16 3 0
avito_testcase/package/handler/banner.go:370.16,374.3 3 0
avito_testcase/package/handler/banner.go:376.2,382.60 4 0
avito_testcase/package/handler/banner.go:382.60,384.3 1 0
avito_testcase/package/handler/banner.go:400.78,407.20 4 0
avito_testcase/package/handler/banner.go:407.20,411.3 3 0
avito_testcase/package/handler/banner.go:413.2,413.49 1 0
avito_testcase/package/handler/banner.go:413.49,417.3 3 0
avito_testcase/package/handler/banner.go:419.2,421.16 3 0
avito_testcase/package/handler/banner.go:421.16,425.3 3 0
avito_testcase/package/handler/banner.go:427.2,428.63 2 0
avito_testcase/package/handler/banner.go:428.63,432.3 3 0
avito_testcase/package/handler/banner.go:434.2,434.65 1 0
avito_testcase/package/handler/banner.go:434.65,438.3 3 0
avito_testcase/package/handler/banner.go:440.2,444.60 4 0
avito_testcase/package/handler/banner.go:444.60,446.3 1 0
avito_testcase/package/handler/banner.go:462.78,466.49 2 0
avito_testcase/package/handler/banner.go:466.49,470.3 3 0
avito_testcase/package/handler/banner.go:472.2,475.20 3 0
avito_testcase/package/handler/banner.go:475.20,479.3 3 0
avito_testcase/package/handler/banner.go:481.2,483.16 3 0
avito_testcase/package/handler/banner.go:483.16,487.3 3 0
avito_testcase/package/handler/banner.go:489.2,490.16 2 0
avito_testcase/package/handler/banner.go:490.16,494.3 3 0
avito_testcase/package/handler/banner.go:496.2,500.60 4 0
avito_testcase/package/handler/banner.go:500.60,502.3 1 0
avito_testcase/package/handler/handler.go:16.52,18.2 1 1
avito_testcase/package/handler/handler.go:20.47,27.79 4 0
avito_testcase/package/handler/handler.go:27.79,28.34 1 0
avito_testcase/package/handler/handler.go:28.34,31.4 2 0
avito_testcase/package/handler/handler.go:31.9,33.4 1 0
avito_testcase/package/handler/handler.go:36.2,36.78 1 0
avito_testcase/package/handler/handler.go:36.78,37.34 1 0
avito_testcase/package/handler/handler.go:37.34,40.4 2 0
avito_testcase/package/handler/handler.go:40.9,42.4 1 0
avito_testcase/package/handler/handler.go:47.2,47.78 1 0
avito_testcase/package/handler/handler.go:47.78,48.33 1 0
avito_testcase/package/handler/handler.go:48.33,51.4 2 0
avito_testcase/package/handler/handler.go:51.9,53.4 1 0
avito_testcase/package/handler/handler.go:58.2,58.73 1 0
avito_testcase/package/handler/handler.go:58.73,59.33 1 0
avito_testcase/package/handler/handler.go:59.33,62.4 2 0
avito_testcase/package/handler/handler.go:62.9,62.42 1 0
avito_testcase/package/handler/handler.go:62.42,65.4 2 0
avito_testcase/package/handler/handler.go:65.9,65.41 1 0
avito_testcase/package/handler/handler.go:65.41,68.4 2 0
avito_testcase/package/handler/handler.go:68.9,68.43 1 0
avito_testcase/package/handler/handler.go:68.43,71.4 2 0
avito_testcase/package/handler/handler.go:71.9,73.4 1 0
avito_testcase/package/handler/handler.go:78.2,78.74 1 0
avito_testcase/package/handler/handler.go:78.74,79.35 1 0
avito_testcase/package/handler/handler.go:79.35,82.4 2 0
avito_testcase/package/handler/handler.go:82.9,82.43 1 0
avito_testcase/package/handler/handler.go:82.43,85.4 2 0
avito_testcase/package/handler/handler.go:85.9,87.4 1 0
avito_testcase/package/handler/handler.go:90.2,90.12 1 0
avito_testcase/package/handler/middleware.go:16.72,17.54 1 1
avito_testcase/package/handler/middleware.go:17.54,20.19 2 1
avito_testcase/package/handler/middleware.go:20.19,24.4 3 1
avito_testcase/package/handler/middleware.go:26.3,27.28 2 1
avito_testcase/package/handler/middleware.go:27.28,31.4 3 0
avito_testcase/package/handler/middleware.go:33.3,35.33 2 1
avito_testcase/package/handler/middleware.go:35.33,38.4 2 0
avito_testcase/package/handler/middleware.go:40.3,40.18 1 1
avito_testcase/package/handler/middleware.go:40.18,43.4 2 0
avito_testcase/package/handler/middleware.go:45.3,46.17 2 1
avito_testcase/package/handler/middleware.go:46.17,49.4 2 1
avito_testcase/package/handler/middleware.go:51.3,54.13 3 1
avito_testcase/package/handler/middleware.go:58.46,60.19 2 1
avito_testcase/package/handler/middleware.go:60.19,62.3 1 1
avito_testcase/package/handler/middleware.go:64.2,65.9 2 0
avito_testcase/package/handler/middleware.go:65.9,67.3 1 0
avito_testcase/package/handler/middleware.go:69.2,69.19 1 0
avito_testcase/package/handler/middleware.go:72.82,74.16 2 1
avito_testcase/package/handler/middleware.go:74.16,76.3 1 1
avito_testcase/package/handler/middleware.go:78.2,79.16 2 0
avito_testcase/package/handler/middleware.go:79.16,81.3 1 0
avito_testcase/package/handler/middleware.go:83.2,83.11 1 0
avito_testcase/package/handler/middleware.go:83.11,85.3 1 0
avito_testcase/package/handler/middleware.go:87.2,87.12 1 0
avito_testcase/package/handler/response.go:24.29,26.2 1 0
avito_testcase/package/handler/response.go:32.78,40.2 5 1
